# JRE version: Java(TM) SE Runtime Environment (8.0_121-b13) (build 1.8.0_121-b13)
# Java VM: Java HotSpot(TM) 64-Bit Server VM (25.121-b13 mixed mode windows-amd64 compressed oops)
Heap:
 PSYoungGen      total 126976K, used 8606K [0x00000000d5f80000, 0x00000000de500000, 0x0000000100000000)
  eden space 117248K, 7% used [0x00000000d5f80000,0x00000000d67e7a40,0x00000000dd200000)
  from space 9728K, 0% used [0x00000000dd200000,0x00000000dd200000,0x00000000ddb80000)
  to   space 6656K, 0% used [0x00000000dde80000,0x00000000dde80000,0x00000000de500000)
 ParOldGen       total 54272K, used 13502K [0x0000000081e00000, 0x0000000085300000, 0x00000000d5f80000)
  object space 54272K, 24% used [0x0000000081e00000,0x0000000082b2fba0,0x0000000085300000)
 Metaspace       used 30353K, capacity 31694K, committed 32048K, reserved 1079296K
  class space    used 4070K, capacity 4359K, committed 4400K, reserved 1048576K
GC Heap History (10 events):
Event: 16.537 GC heap before
{Heap before GC invocations=27 (full 10):
 PSYoungGen      total 126976K, used 0K [0x00000000d5f80000, 0x00000000de500000, 0x0000000100000000)
  eden space 117248K, 0% used [0x00000000d5f80000,0x00000000d5f80000,0x00000000dd200000)
  from space 9728K, 0% used [0x00000000dd200000,0x00000000dd200000,0x00000000ddb80000)
  to   space 6656K, 0% used [0x00000000dde80000,0x00000000dde80000,0x00000000de500000)
 ParOldGen       total 54272K, used 13495K [0x0000000081e00000, 0x0000000085300000, 0x00000000d5f80000)
  object space 54272K, 24% used [0x0000000081e00000,0x0000000082b2de50,0x0000000085300000)
 Metaspace       used 30167K, capacity 31358K, committed 31792K, reserved 1083392K
  class space    used 4037K, capacity 4305K, committed 4400K, reserved 1048576K
Event: 16.596 GC heap after
Heap after GC invocations=27 (full 10):
 PSYoungGen      total 126976K, used 0K [0x00000000d5f80000, 0x00000000de500000, 0x0000000100000000)
  eden space 117248K, 0% used [0x00000000d5f80000,0x00000000d5f80000,0x00000000dd200000)
  from space 9728K, 0% used [0x00000000dd200000,0x00000000dd200000,0x00000000ddb80000)
  to   space 6656K, 0% used [0x00000000dde80000,0x00000000dde80000,0x00000000de500000)
 ParOldGen       total 54272K, used 13493K [0x0000000081e00000, 0x0000000085300000, 0x00000000d5f80000)
  object space 54272K, 24% used [0x0000000081e00000,0x0000000082b2d768,0x0000000085300000)
 Metaspace       used 30167K, capacity 31358K, committed 31792K, reserved 1079296K
  class space    used 4037K, capacity 4305K, committed 4400K, reserved 1048576K
}
Event: 16.597 GC heap before
{Heap before GC invocations=28 (full 10):
 PSYoungGen      total 126976K, used 3666K [0x00000000d5f80000, 0x00000000de500000, 0x0000000100000000)
  eden space 117248K, 3% used [0x00000000d5f80000,0x00000000d6314a30,0x00000000dd200000)
  from space 9728K, 0% used [0x00000000dd200000,0x00000000dd200000,0x00000000ddb80000)
  to   space 6656K, 0% used [0x00000000dde80000,0x00000000dde80000,0x00000000de500000)
 ParOldGen       total 54272K, used 13493K [0x0000000081e00000, 0x0000000085300000, 0x00000000d5f80000)
  object space 54272K, 24% used [0x0000000081e00000,0x0000000082b2d768,0x0000000085300000)
 Metaspace       used 30171K, capacity 31364K, committed 31792K, reserved 1085440K
  class space    used 4037K, capacity 4306K, committed 4400K, reserved 1048576K
Event: 16.599 GC heap after
Heap after GC invocations=28 (full 10):
 PSYoungGen      total 123904K, used 128K [0x00000000d5f80000, 0x00000000de500000, 0x0000000100000000)
  eden space 117248K, 0% used [0x00000000d5f80000,0x00000000d5f80000,0x00000000dd200000)
  from space 6656K, 1% used [0x00000000dde80000,0x00000000ddea0000,0x00000000de500000)
  to   space 9728K, 0% used [0x00000000dd200000,0x00000000dd200000,0x00000000ddb80000)
 ParOldGen       total 54272K, used 13493K [0x0000000081e00000, 0x0000000085300000, 0x00000000d5f80000)
  object space 54272K, 24% used [0x0000000081e00000,0x0000000082b2d768,0x0000000085300000)
 Metaspace       used 30171K, capacity 31364K, committed 31792K, reserved 1085440K
  class space    used 4037K, capacity 4306K, committed 4400K, reserved 1048576K
}
Event: 16.599 GC heap before
{Heap before GC invocations=29 (full 11):
 PSYoungGen      total 123904K, used 128K [0x00000000d5f80000, 0x00000000de500000, 0x0000000100000000)
  eden space 117248K, 0% used [0x00000000d5f80000,0x00000000d5f80000,0x00000000dd200000)
  from space 6656K, 1% used [0x00000000dde80000,0x00000000ddea0000,0x00000000de500000)
  to   space 9728K, 0% used [0x00000000dd200000,0x00000000dd200000,0x00000000ddb80000)
 ParOldGen       total 54272K, used 13493K [0x0000000081e00000, 0x0000000085300000, 0x00000000d5f80000)
  object space 54272K, 24% used [0x0000000081e00000,0x0000000082b2d768,0x0000000085300000)
 Metaspace       used 30171K, capacity 31364K, committed 31792K, reserved 1085440K
  class space    used 4037K, capacity 4306K, committed 4400K, reserved 1048576K
Event: 16.677 GC heap after
Heap after GC invocations=29 (full 11):
 PSYoungGen      total 123904K, used 0K [0x00000000d5f80000, 0x00000000de500000, 0x0000000100000000)
  eden space 117248K, 0% used [0x00000000d5f80000,0x00000000d5f80000,0x00000000dd200000)
  from space 6656K, 0% used [0x00000000dde80000,0x00000000dde80000,0x00000000de500000)
  to   space 9728K, 0% used [0x00000000dd200000,0x00000000dd200000,0x00000000ddb80000)
 ParOldGen       total 54272K, used 13504K [0x0000000081e00000, 0x0000000085300000, 0x00000000d5f80000)
  object space 54272K, 24% used [0x0000000081e00000,0x0000000082b301c0,0x0000000085300000)
 Metaspace       used 30171K, capacity 31364K, committed 31792K, reserved 1079296K
  class space    used 4037K, capacity 4306K, committed 4400K, reserved 1048576K
}
Event: 16.678 GC heap before
{Heap before GC invocations=30 (full 11):
 PSYoungGen      total 123904K, used 0K [0x00000000d5f80000, 0x00000000de500000, 0x0000000100000000)
  eden space 117248K, 0% used [0x00000000d5f80000,0x00000000d5f80000,0x00000000dd200000)
  from space 6656K, 0% used [0x00000000dde80000,0x00000000dde80000,0x00000000de500000)
  to   space 9728K, 0% used [0x00000000dd200000,0x00000000dd200000,0x00000000ddb80000)
 ParOldGen       total 54272K, used 13504K [0x0000000081e00000, 0x0000000085300000, 0x00000000d5f80000)
  object space 54272K, 24% used [0x0000000081e00000,0x0000000082b301c0,0x0000000085300000)
 Metaspace       used 30171K, capacity 31364K, committed 31792K, reserved 1083392K
  class space    used 4037K, capacity 4306K, committed 4400K, reserved 1048576K
Event: 16.680 GC heap after
Heap after GC invocations=30 (full 11):
 PSYoungGen      total 126976K, used 0K [0x00000000d5f80000, 0x00000000de500000, 0x0000000100000000)
  eden space 117248K, 0% used [0x00000000d5f80000,0x00000000d5f80000,0x00000000dd200000)
  from space 9728K, 0% used [0x00000000dd200000,0x00000000dd200000,0x00000000ddb80000)
  to   space 6656K, 0% used [0x00000000dde80000,0x00000000dde80000,0x00000000de500000)
 ParOldGen       total 54272K, used 13504K [0x0000000081e00000, 0x0000000085300000, 0x00000000d5f80000)
  object space 54272K, 24% used [0x0000000081e00000,0x0000000082b301c0,0x0000000085300000)
 Metaspace       used 30171K, capacity 31364K, committed 31792K, reserved 1083392K
  class space    used 4037K, capacity 4306K, committed 4400K, reserved 1048576K
}
Event: 16.680 GC heap before
{Heap before GC invocations=31 (full 12):
 PSYoungGen      total 126976K, used 0K [0x00000000d5f80000, 0x00000000de500000, 0x0000000100000000)
  eden space 117248K, 0% used [0x00000000d5f80000,0x00000000d5f80000,0x00000000dd200000)
  from space 9728K, 0% used [0x00000000dd200000,0x00000000dd200000,0x00000000ddb80000)
  to   space 6656K, 0% used [0x00000000dde80000,0x00000000dde80000,0x00000000de500000)
 ParOldGen       total 54272K, used 13504K [0x0000000081e00000, 0x0000000085300000, 0x00000000d5f80000)
  object space 54272K, 24% used [0x0000000081e00000,0x0000000082b301c0,0x0000000085300000)
 Metaspace       used 30171K, capacity 31364K, committed 31792K, reserved 1083392K
  class space    used 4037K, capacity 4306K, committed 4400K, reserved 1048576K
Event: 16.742 GC heap after
Heap after GC invocations=31 (full 12):
 PSYoungGen      total 126976K, used 0K [0x00000000d5f80000, 0x00000000de500000, 0x0000000100000000)
  eden space 117248K, 0% used [0x00000000d5f80000,0x00000000d5f80000,0x00000000dd200000)
  from space 9728K, 0% used [0x00000000dd200000,0x00000000dd200000,0x00000000ddb80000)
  to   space 6656K, 0% used [0x00000000dde80000,0x00000000dde80000,0x00000000de500000)
 ParOldGen       total 54272K, used 13502K [0x0000000081e00000, 0x0000000085300000, 0x00000000d5f80000)
  object space 54272K, 24% used [0x0000000081e00000,0x0000000082b2fba0,0x0000000085300000)
 Metaspace       used 30171K, capacity 31364K, committed 31792K, reserved 1079296K
  class space    used 4037K, capacity 4306K, committed 4400K, reserved 1048576K
}

